{"__type":"$$EventMessageAudit","id":"c25bf362-3ade-41ac-bad1-a5609ed567db","ts":"2025-07-19T05:24:00.994+00:00","eventName":"n8n.audit.workflow.created","message":"n8n.audit.workflow.created","payload":{"userId":"63d48b4e-9ad0-4aac-b4ed-9f6bc833daf7","_email":"ngdangkietswe@yopmail.com","_firstName":"ngdangkietswe","_lastName":"ngdangkietswe","globalRole":"global:owner","workflowId":"LLIhpfkmk71y1DZk","workflowName":"My workflow"}}
{"__type":"$$EventMessageConfirm","confirm":"c25bf362-3ade-41ac-bad1-a5609ed567db","ts":"2025-07-19T05:24:00.994+00:00","source":{"id":"0","name":"eventBus"}}
{"__type":"$$EventMessageWorkflow","id":"1ad2bed7-ed36-4367-9e37-9db5f14b91d9","ts":"2025-07-19T05:24:01.314+00:00","eventName":"n8n.workflow.started","message":"n8n.workflow.started","payload":{"executionId":"1","workflowId":"LLIhpfkmk71y1DZk","isManual":false,"workflowName":"My workflow"}}
{"__type":"$$EventMessageConfirm","confirm":"1ad2bed7-ed36-4367-9e37-9db5f14b91d9","ts":"2025-07-19T05:24:01.314+00:00","source":{"id":"0","name":"eventBus"}}
{"__type":"$$EventMessageNode","id":"5c479590-cfef-40b3-a59c-60fd7423de6b","ts":"2025-07-19T05:24:01.321+00:00","eventName":"n8n.node.started","message":"n8n.node.started","payload":{"workflowId":"LLIhpfkmk71y1DZk","workflowName":"My workflow","executionId":"1","nodeType":"n8n-nodes-base.manualTrigger","nodeName":"When clicking ‘Execute workflow’","nodeId":"62e1a96f-a09c-4964-9ce4-f4224d077974"}}
{"__type":"$$EventMessageConfirm","confirm":"5c479590-cfef-40b3-a59c-60fd7423de6b","ts":"2025-07-19T05:24:01.321+00:00","source":{"id":"0","name":"eventBus"}}
{"__type":"$$EventMessageNode","id":"865e39b4-de62-410e-8a00-cf1dd2c4d799","ts":"2025-07-19T05:24:01.328+00:00","eventName":"n8n.node.finished","message":"n8n.node.finished","payload":{"workflowId":"LLIhpfkmk71y1DZk","workflowName":"My workflow","executionId":"1","nodeType":"n8n-nodes-base.manualTrigger","nodeName":"When clicking ‘Execute workflow’","nodeId":"62e1a96f-a09c-4964-9ce4-f4224d077974"}}
{"__type":"$$EventMessageConfirm","confirm":"865e39b4-de62-410e-8a00-cf1dd2c4d799","ts":"2025-07-19T05:24:01.328+00:00","source":{"id":"0","name":"eventBus"}}
{"__type":"$$EventMessageWorkflow","id":"cabb4f72-17f3-40a6-8faf-0a51d5e0e8e4","ts":"2025-07-19T05:24:01.335+00:00","eventName":"n8n.workflow.success","message":"n8n.workflow.success","payload":{"userId":"63d48b4e-9ad0-4aac-b4ed-9f6bc833daf7","executionId":"1","success":true,"isManual":true,"workflowId":"LLIhpfkmk71y1DZk","workflowName":"My workflow"}}
{"__type":"$$EventMessageConfirm","confirm":"cabb4f72-17f3-40a6-8faf-0a51d5e0e8e4","ts":"2025-07-19T05:24:01.335+00:00","source":{"id":"0","name":"eventBus"}}
{"__type":"$$EventMessageWorkflow","id":"56374531-6fae-48fc-8e83-a3907ca516ab","ts":"2025-07-19T05:25:11.715+00:00","eventName":"n8n.workflow.started","message":"n8n.workflow.started","payload":{"executionId":"2","workflowId":"LLIhpfkmk71y1DZk","isManual":false,"workflowName":"My workflow"}}
{"__type":"$$EventMessageConfirm","confirm":"56374531-6fae-48fc-8e83-a3907ca516ab","ts":"2025-07-19T05:25:11.715+00:00","source":{"id":"0","name":"eventBus"}}
{"__type":"$$EventMessageNode","id":"e35d566a-5f4d-4549-88a8-5ed5f4937232","ts":"2025-07-19T05:25:11.716+00:00","eventName":"n8n.node.started","message":"n8n.node.started","payload":{"workflowId":"LLIhpfkmk71y1DZk","workflowName":"My workflow","executionId":"2","nodeType":"n8n-nodes-base.manualTrigger","nodeName":"When clicking ‘Execute workflow’","nodeId":"eeaaa031-27a6-4e0b-a2ff-e1bb07862bfb"}}
{"__type":"$$EventMessageConfirm","confirm":"e35d566a-5f4d-4549-88a8-5ed5f4937232","ts":"2025-07-19T05:25:11.716+00:00","source":{"id":"0","name":"eventBus"}}
{"__type":"$$EventMessageNode","id":"8fcb9fb7-a3a8-4486-8389-9f88766d282a","ts":"2025-07-19T05:25:11.720+00:00","eventName":"n8n.node.finished","message":"n8n.node.finished","payload":{"workflowId":"LLIhpfkmk71y1DZk","workflowName":"My workflow","executionId":"2","nodeType":"n8n-nodes-base.manualTrigger","nodeName":"When clicking ‘Execute workflow’","nodeId":"eeaaa031-27a6-4e0b-a2ff-e1bb07862bfb"}}
{"__type":"$$EventMessageConfirm","confirm":"8fcb9fb7-a3a8-4486-8389-9f88766d282a","ts":"2025-07-19T05:25:11.720+00:00","source":{"id":"0","name":"eventBus"}}
{"__type":"$$EventMessageNode","id":"00b50d18-3ae4-4ec5-b392-b20b3a63ecb9","ts":"2025-07-19T05:25:11.721+00:00","eventName":"n8n.node.started","message":"n8n.node.started","payload":{"workflowId":"LLIhpfkmk71y1DZk","workflowName":"My workflow","executionId":"2","nodeType":"n8n-nodes-base.httpRequest","nodeName":"HTTP Request","nodeId":"83d62cd4-976f-4f8c-9282-f5cd496a087a"}}
{"__type":"$$EventMessageConfirm","confirm":"00b50d18-3ae4-4ec5-b392-b20b3a63ecb9","ts":"2025-07-19T05:25:11.721+00:00","source":{"id":"0","name":"eventBus"}}
{"__type":"$$EventMessageNode","id":"40080ef6-ebd1-4def-854e-be898533c088","ts":"2025-07-19T05:25:12.433+00:00","eventName":"n8n.node.finished","message":"n8n.node.finished","payload":{"workflowId":"LLIhpfkmk71y1DZk","workflowName":"My workflow","executionId":"2","nodeType":"n8n-nodes-base.httpRequest","nodeName":"HTTP Request","nodeId":"83d62cd4-976f-4f8c-9282-f5cd496a087a"}}
{"__type":"$$EventMessageConfirm","confirm":"40080ef6-ebd1-4def-854e-be898533c088","ts":"2025-07-19T05:25:12.433+00:00","source":{"id":"0","name":"eventBus"}}
{"__type":"$$EventMessageWorkflow","id":"9cbd9245-6580-4f22-ad1b-a6e660345f9c","ts":"2025-07-19T05:25:12.437+00:00","eventName":"n8n.workflow.success","message":"n8n.workflow.success","payload":{"userId":"63d48b4e-9ad0-4aac-b4ed-9f6bc833daf7","executionId":"2","success":true,"isManual":true,"workflowId":"LLIhpfkmk71y1DZk","workflowName":"My workflow"}}
{"__type":"$$EventMessageConfirm","confirm":"9cbd9245-6580-4f22-ad1b-a6e660345f9c","ts":"2025-07-19T05:25:12.438+00:00","source":{"id":"0","name":"eventBus"}}
{"__type":"$$EventMessageWorkflow","id":"aada5f61-11f3-4b2e-8da5-d9ca3b8e82b1","ts":"2025-07-19T05:25:44.724+00:00","eventName":"n8n.workflow.started","message":"n8n.workflow.started","payload":{"executionId":"3","workflowId":"LLIhpfkmk71y1DZk","isManual":false,"workflowName":"My workflow"}}
{"__type":"$$EventMessageConfirm","confirm":"aada5f61-11f3-4b2e-8da5-d9ca3b8e82b1","ts":"2025-07-19T05:25:44.724+00:00","source":{"id":"0","name":"eventBus"}}
{"__type":"$$EventMessageNode","id":"41d9eb2f-3e77-4a2a-9a62-4bae42f0a6da","ts":"2025-07-19T05:25:44.724+00:00","eventName":"n8n.node.started","message":"n8n.node.started","payload":{"workflowId":"LLIhpfkmk71y1DZk","workflowName":"My workflow","executionId":"3","nodeType":"n8n-nodes-base.manualTrigger","nodeName":"When clicking ‘Execute workflow’","nodeId":"eeaaa031-27a6-4e0b-a2ff-e1bb07862bfb"}}
{"__type":"$$EventMessageConfirm","confirm":"41d9eb2f-3e77-4a2a-9a62-4bae42f0a6da","ts":"2025-07-19T05:25:44.724+00:00","source":{"id":"0","name":"eventBus"}}
{"__type":"$$EventMessageNode","id":"7c58c379-51f7-4e12-9e2d-d2197d3ba563","ts":"2025-07-19T05:25:44.726+00:00","eventName":"n8n.node.finished","message":"n8n.node.finished","payload":{"workflowId":"LLIhpfkmk71y1DZk","workflowName":"My workflow","executionId":"3","nodeType":"n8n-nodes-base.manualTrigger","nodeName":"When clicking ‘Execute workflow’","nodeId":"eeaaa031-27a6-4e0b-a2ff-e1bb07862bfb"}}
{"__type":"$$EventMessageConfirm","confirm":"7c58c379-51f7-4e12-9e2d-d2197d3ba563","ts":"2025-07-19T05:25:44.726+00:00","source":{"id":"0","name":"eventBus"}}
{"__type":"$$EventMessageNode","id":"d35789b4-ab79-465f-8a2e-bc2c24d85a43","ts":"2025-07-19T05:25:44.727+00:00","eventName":"n8n.node.started","message":"n8n.node.started","payload":{"workflowId":"LLIhpfkmk71y1DZk","workflowName":"My workflow","executionId":"3","nodeType":"n8n-nodes-base.httpRequest","nodeName":"HTTP Request","nodeId":"83d62cd4-976f-4f8c-9282-f5cd496a087a"}}
{"__type":"$$EventMessageConfirm","confirm":"d35789b4-ab79-465f-8a2e-bc2c24d85a43","ts":"2025-07-19T05:25:44.727+00:00","source":{"id":"0","name":"eventBus"}}
{"__type":"$$EventMessageNode","id":"bf3df341-85b7-4c7e-9965-8b4405fea22b","ts":"2025-07-19T05:25:44.743+00:00","eventName":"n8n.node.finished","message":"n8n.node.finished","payload":{"workflowId":"LLIhpfkmk71y1DZk","workflowName":"My workflow","executionId":"3","nodeType":"n8n-nodes-base.httpRequest","nodeName":"HTTP Request","nodeId":"83d62cd4-976f-4f8c-9282-f5cd496a087a"}}
{"__type":"$$EventMessageConfirm","confirm":"bf3df341-85b7-4c7e-9965-8b4405fea22b","ts":"2025-07-19T05:25:44.743+00:00","source":{"id":"0","name":"eventBus"}}
{"__type":"$$EventMessageWorkflow","id":"09831d8e-c3af-4d7b-9769-5d026c4fa1bd","ts":"2025-07-19T05:25:44.746+00:00","eventName":"n8n.workflow.success","message":"n8n.workflow.success","payload":{"userId":"63d48b4e-9ad0-4aac-b4ed-9f6bc833daf7","executionId":"3","success":true,"isManual":true,"workflowId":"LLIhpfkmk71y1DZk","workflowName":"My workflow"}}
{"__type":"$$EventMessageConfirm","confirm":"09831d8e-c3af-4d7b-9769-5d026c4fa1bd","ts":"2025-07-19T05:25:44.746+00:00","source":{"id":"0","name":"eventBus"}}
{"__type":"$$EventMessageWorkflow","id":"2232ca64-ba76-4366-a230-d33af064bbb0","ts":"2025-07-19T05:26:09.582+00:00","eventName":"n8n.workflow.started","message":"n8n.workflow.started","payload":{"executionId":"4","workflowId":"LLIhpfkmk71y1DZk","isManual":false,"workflowName":"My workflow"}}
{"__type":"$$EventMessageConfirm","confirm":"2232ca64-ba76-4366-a230-d33af064bbb0","ts":"2025-07-19T05:26:09.582+00:00","source":{"id":"0","name":"eventBus"}}
{"__type":"$$EventMessageNode","id":"9be1839d-bbd3-414b-8b9f-d886a68be964","ts":"2025-07-19T05:26:09.583+00:00","eventName":"n8n.node.started","message":"n8n.node.started","payload":{"workflowId":"LLIhpfkmk71y1DZk","workflowName":"My workflow","executionId":"4","nodeType":"n8n-nodes-base.manualTrigger","nodeName":"When clicking ‘Execute workflow’","nodeId":"eeaaa031-27a6-4e0b-a2ff-e1bb07862bfb"}}
{"__type":"$$EventMessageConfirm","confirm":"9be1839d-bbd3-414b-8b9f-d886a68be964","ts":"2025-07-19T05:26:09.583+00:00","source":{"id":"0","name":"eventBus"}}
{"__type":"$$EventMessageNode","id":"ceb4aecf-ff04-430c-985c-bf406f9a9e92","ts":"2025-07-19T05:26:09.585+00:00","eventName":"n8n.node.finished","message":"n8n.node.finished","payload":{"workflowId":"LLIhpfkmk71y1DZk","workflowName":"My workflow","executionId":"4","nodeType":"n8n-nodes-base.manualTrigger","nodeName":"When clicking ‘Execute workflow’","nodeId":"eeaaa031-27a6-4e0b-a2ff-e1bb07862bfb"}}
{"__type":"$$EventMessageConfirm","confirm":"ceb4aecf-ff04-430c-985c-bf406f9a9e92","ts":"2025-07-19T05:26:09.585+00:00","source":{"id":"0","name":"eventBus"}}
{"__type":"$$EventMessageNode","id":"4009a76a-f2b6-49f8-a973-fa4fc59e83fe","ts":"2025-07-19T05:26:09.585+00:00","eventName":"n8n.node.started","message":"n8n.node.started","payload":{"workflowId":"LLIhpfkmk71y1DZk","workflowName":"My workflow","executionId":"4","nodeType":"n8n-nodes-base.httpRequest","nodeName":"HTTP Request","nodeId":"83d62cd4-976f-4f8c-9282-f5cd496a087a"}}
{"__type":"$$EventMessageConfirm","confirm":"4009a76a-f2b6-49f8-a973-fa4fc59e83fe","ts":"2025-07-19T05:26:09.585+00:00","source":{"id":"0","name":"eventBus"}}
{"__type":"$$EventMessageNode","id":"d42cf641-11cc-4eef-a06e-16596e5e97e8","ts":"2025-07-19T05:26:09.602+00:00","eventName":"n8n.node.finished","message":"n8n.node.finished","payload":{"workflowId":"LLIhpfkmk71y1DZk","workflowName":"My workflow","executionId":"4","nodeType":"n8n-nodes-base.httpRequest","nodeName":"HTTP Request","nodeId":"83d62cd4-976f-4f8c-9282-f5cd496a087a"}}
{"__type":"$$EventMessageConfirm","confirm":"d42cf641-11cc-4eef-a06e-16596e5e97e8","ts":"2025-07-19T05:26:09.602+00:00","source":{"id":"0","name":"eventBus"}}
{"__type":"$$EventMessageWorkflow","id":"8be425de-5a61-4807-883f-3a90398b8a3d","ts":"2025-07-19T05:26:09.603+00:00","eventName":"n8n.workflow.success","message":"n8n.workflow.success","payload":{"userId":"63d48b4e-9ad0-4aac-b4ed-9f6bc833daf7","executionId":"4","success":true,"isManual":true,"workflowId":"LLIhpfkmk71y1DZk","workflowName":"My workflow"}}
{"__type":"$$EventMessageConfirm","confirm":"8be425de-5a61-4807-883f-3a90398b8a3d","ts":"2025-07-19T05:26:09.603+00:00","source":{"id":"0","name":"eventBus"}}
